500
0 1669 4549 3422 8966 3850 912 3199 380 6452 879 3660 8722 6938 3074
1 4197 8635 501 8570 2586 6614 9153 7377 7299 871 6368 7762
2 8331 1370 6124 7454 8468 3672 9063 3489 9345 330 7108 6656 5855 3433 5615 5827 7709 9244
3 5301 4260 1077 1920 6070 1512 2750 9181 8685 3079 5006 7396 3664 325 2595 8146 8089 3251 5654 8618 7568 413 9464 3262 8863 4602 8649 9293 2416 2873 3203 3 397 467 5172 5304 2633
4 2089 2161 2025 2605 3289 272 6151 8969 7287 3591
5 3897 3348 2083 6017 7103 7830 8107 4194 1275 2240
6 117 6388 137 8612 8170 5679 257 9293 760 9745 3853 3648 767 8854 1658 5288 2150 6201 6773 4997 7055 3012
7 9543 4776 3016 7767 9878 7984 4970 873 796 3001 2599 3976 2179 2568 8460 7975 7239 6695 6584
8 9588 7232 6164 1427 2563 4643 2845 1875 8994
9 4246 9558 3876 1765 6250 1900 9939 1843 7354 1270 3839 8289 1428 2280
10 8889 1178 6524 8474 1864 4845 670 5925 8942 7738 386 7429 5326 9075 1668
11 4273 1844 1255 1994 7011 4555 8790 3980 7439 8512
12 1284 2127 8556 3065 2261 5790 5976 8878 2841 9244 3936 2962
13 1153 8410 8503 4805 4358 6032 3609 4307 8882 9528 2987 8710 3199 2275 4737 6184 8837 4855
14 1331 1561 6490 1107 153 706 5065 8670 6506 647
15 1876 4592 113 7344 8510 9370 5521 9566 6459 4736 5728 7732
16 4028 655 987 8353 646 1127 4846 906 3817 7228 9842
17 3737 3874 5148 3271 7612 2815 2820 8196 6134 7296
18 1913 5454 1364 2722 2297 5682 8984 8264 6350 259 2121
19 7000 7477 2946 2117 1080 5497 3362 7694 19 5323 1081 7251 689 703 793 2286 2433 889 1628 6867
20 5089 5755 7083 9868 4668 9069 1034 3650 5912 4926 8028 7454 7065 7805 2340
21 4571 6328 3264 8190 9906 3896 3709 5382 3108 1496 6547 2986
22 4752 4463 9640 4760 1510 8912 9871 9654 8574 5630 5149 949 8660 7948 4691 950 8681 5030 6526 374 6727 8982 5443 7369 2537 7126 227 1354 4561 1402 9955 3453 8185 7899 8683 8188 6544 4602 5962
23 4512 3963 2447 5829 4256 9417 366 4895 9411 7736 8293 7949
24 6626 1222 8502 2674 2885 9366 3767 3297 9460 2299 3425 1699 4277 1979
25 6686 9652 4213 9664 5162 1651 6736 5779 9370 9791 1034 7862 3805 133 1987 2247 9244 5715
26 6279 7493 2487 8635 138 5936 3090 854 937 9139
27 6753 315 9231 6378 1746 1224 811 8083 6235
28 306 5071 1712 8557 8734 1032 7680 9935 3620 9822 9244 3877
29 6799 7298 5292 8272 3796 6690 4022 7461 3166 5355 6938 4377 79 9968
30 4950 7566 1481 2447 4524 5667 2290 861 3017 1989 9199 935 2
31 6007 3856 4249 6375 5040 5877 7632 9066 5068 3451 7563 3494 1413 7641 8125 2555
32 5080 3965 5763 2654 1475 2501 551 5540 67 3512 7762 2240
33 3481 9000 1313 191 6284 5010 8890 8030 1592 3111
34 1214 3470 6091 580 10 6917 1194 3977 6249 5099
35 5609 5543 9659 8392 8188 3863 6048 3610 7511 2113 5656 9270 4011 300 9219 7276 6415 3720 2318 9666 4002 9758 8552 5492 6270 9256 8043 1238 1737 2060 6269 3331 9548 6218 6810 2320 6718 4081 6197 8090 2904 2962
36 1409 9484 4082 8158 1740 2987 882 7225 1279 141 5458 6030
37 8341 1158 8448 1617 6628 2259 7531 6925 6638 4079 8125
38 1362 2262 7986 5719 5066 6995 3467 6950 8611 79
39 3983 1143 5233 2228 5473 7996 1701 1054 4402 2240 7438 2555
40 3280 911 4466 6413 4266 883 83 8492 7547 6433 6043 9533
41 1663 473 5017 8577 2971 9305 5729 5920 7751
42 8050 702 6396 6457 897 5275 1541 370 4199 3936 9533
43 2200 2267 2145 5428 9456 5427 5544 8785 9848
44 3859 7674 9535 4476 9498 9925 2351 2342 4651 9066 79
45 6602 3363 7560 2545 8061 832 641 6025 3638 6962 7983 6433 2954
46 3431 5441 8610 2490 9921 114 7802 2783 6795 7527 5904 3284 6859 4487 7547 427 8387
47 9143 8730 8315 2755 4650 1469 554 9614 8083 3783 5880 2
48 7945 6371 4197 4782 7118 5173 3115 3968 7652 3111
49 1673 9779 3060 2848 1678 392 8050 2044 2240
50 2331 7612 1506 3592 434 6091 3736 9106 5199 8193 3074
51 6361 8059 4461 9981 3359 8636 2567 6938 7949
52 2841 6628 7602 5179 6394 1760 3052 1073 8147 4838 447 6258
53 4509 1326 7416 1861 154 7305 1640 2121
54 3271 5184 1061 7257 38 1313 4422 8873 6545 6054
55 2843 3763 1518 1482 3019 5499 1905 5337 8284 1134 7762
56 9593 3353 3324 6003 6663 4552 7453 6844 5725 1117 3074
57 3530 3208 1025 9021 1769 4521 6630 5556 8834 4218 9149 6530 5678 9816 815 4624 2643
58 5439 7327 9618 7701 4618 3327 8492 5217 1361 462 5099 1534
59 366 3445 2758 9011 2514 2844 2548 4781 9007 9244
60 8972 5107 4820 9246 9232 1462 8915 9770 1260 3316 8005
61 2673 6095 4156 4377 6369 9192 8060 7364 1570 9032 5090 6672 6469 5085 5992 2512 3657 1923 8169 1123 8053 8414 7434 842 9995 8920 3013 8881 991 5775 5474 1696 2128 3227 8259 3950 2630 9014 3032 8499 8193 8838 3173 3673 7856 4539 5412
62 7308 9704 4391 6232 2788 7235 2820 5347 2326 8057 5804 9891 6054
63 4186 181 3768 309 7374 9769 2724 8066 3163 2288 79
64 6680 942 8768 1291 6208 9126 1462 899 8716
65 6909 9217 8843 5839 788 2713 678 284 8870 2353 8486 8461 5494 7613 133 4299 2107 6525
66 4733 8757 2222 741 2572 4160 7501 507 5905 3482 625 6938
67 2456 9393 505 4715 3567 2663 4039 9245 5237 4564 4522 2892 1668 7699 3012
68 3911 9656 4720 7963 4683 2836 7973 4023 5099 5962
69 1140 2024 713 1203 3736 2166 614 5086 809 1457 7020 6547
70 7158 5944 9809 7076 6985 4309 3017 6278 450
71 1399 2471 3439 2130 3993 7344 5324 4869 9615 9968
72 8424 8543 9812 4040 2677 2472 3812 9772 7091 8850 7949
73 667 7357 508 2251 9201 8801 242 5539 395
74 6080 7793 5184 6700 4368 8974 3205 6190 4199
75 4092 8279 2701 1052 9340 9707 6147 3994 3762 1093 7259 4607 6786 7068 2288
76 6894 9783 8020 6632 3206 3216 5168 1776 8978 2624 935 2240
77 5452 3384 8434 2011 1945 373 2620 1773 991 7153 935
78 2566 4608 7411 3555 2520 9155 7376 4889 8098 7709 2986 9842
79 3470 1585 1431 2099 6180 5012 4936 4121 8796 8491 9545
80 9383 276 4607 3999 3278 8309 3156 4586 6881 6404 5592 4192 3547 9527 3843 733 2218 4147
81 8452 1865 4126 3539 8139 7183 4442 6848 3099 2628 7228 1252 4798 2143 1745 4579 5762
82 6674 6596 8460 4927 9792 3744 1753 8547 9717 7517
83 5298 2258 9934 9894 1431 5532 8199 6537
84 4950 5940 7850 3460 2306 4566 1097 312 1907 7092 2092 6537 7949 2962
85 3396 817 373 836 3029 8885 3915 8556 5828 1169 5173 1125
86 4228 7553 8805 6354 4013 3766 7993 6105 3375 65 7624 2432 7696 5302 7574 935 2240
87 3262 4583 4854 8015 4154 2034 6295 3338 4557 5418 2217 8916 8812 321
88 3101 1638 4203 7888 5604 925 9398 8887 6153 5044 5156 6891 5326 7811 2486 9132 1923 9199 8431 5441 412 1465 5412 4362 1799 9800 524 759 7659 5775 1496 5862 6074 7087 660 9206 6254 5401 7459 668 7541 6336 917 2299 4815 6699 8343 4959 6467 8293
89 2843 4594 2324 3216 75 2754 3918 2941 9190 4311 8711 2 7153
90 9106 7074 1269 6116 6987 9675 3668 4144 7448 7240
91 1564 7274 6634 628 6996 9287 4952 8034 9615 5715
92 7340 4128 3826 8365 2007 8559 7356 8720 727 6049 9013 3521
93 8463 6079 445 1024 9670 9062 3570 9224
94 9966 5654 5563 4829 1744 4858 4082 8942 3782 135 5869
95 2027 1390 3616 3437 1398 1400 6176 2593 8509 3407 8711 6101
96 2714 6263 7777 7500 2338 2065 1122 7770 6543 2195 1299
97 8459 7634 428 7451 9432 309 2417 2992 2277 8667 8464 4728
98 2761 7300 4563 8019 8059 4491 9648 4696 5768 8102 212 7864 4352
99 9855 5620 6873 6531 4391 7973 6909 5975 7797 3008 3982
100 7388 6169 8032 1787 3967 997 7837 4832 1494 4188 7153 2555
101 4554 7273 27 2584 3915 5935 2998 6702 9842
102 1532 5514 7721 6804 7574 6393 4360 5439 4810 2643
103 957 483 9634 2588 3655 9204 8423 7408 7852 9533
104 3635 63 9862 9896 6603 2833 8481 9820 1667 2274 4733 4039 2118 551 4340 979
105 6613 6101 5189 5716 2414 6608 3025 1657 4924 4093 4847 9040 4893 3781 5280 8770 2696 5848 6855 4493 3597 7456 3936 6982 5884 7429 4348 3842 813 1457 6827 8121 3453 1145 2345 5742 3330 7285 7116 4004 7586 1598 2615 1898 7438 9633 3405 8797 2643 9968
106 6557 1894 4904 5104 4963 5020 3247 2995 3501 9990
107 7134 1426 4706 4229 7427 6322 3448 2947 8538 7413
108 7218 6690 926 4644 7073 9519 153 9610 7883
109 2285 2694 2770 5114 9610 2419 634 1333 2198 9270
110 7531 3494 4502 434 8538 7981 378 1851 2977 8821 7413
111 4900 8945 2043 8795 1707 8786 6602 4362 9097 5953 7526 6685 7435 3758 2962
112 8990 4063 4402 3432 9822 252 949 2475 4504 691 2927 8157 111 6377 7452 5925 3827 2704 7013 5748 1569 7732 9487 9316 1848 2121 7318 7133 7710 132 9522 6024 6997 7961 218 4345 79 7213 7874 4873 9968 4352 3074
113 4568 2231 1733 4456 1200 8735 4344 5851 3012 935
114 631 946 5126 8778 4578 5371 5623 6356 5563 8750 2121 2
115 4389 9414 1656 8721 9661 9866 4809 9478 9093 7043 8449 5507
116 4699 5713 4546 1122 1880 3193 4428 1036 1159 633 6554 7302 2736 5664 9468 6613 5412
117 9293 2979 5188 2965 6453 7001 9109 5889 6652 2003 5150 5003 8908 1336 1305 468 8352 5295 7234 6913 6338 8140 8911 9723 6681 8431 7193 6554 6099 9233 9178 8248 8300 2730 8493 5386 1889 9551 5304 3020 583 6836 847 3405 8069 1246 3528 7296 6054 9842 935 3758
118 8291 1453 8586 916 1527 9402 8326 8874 5380
119 3005 2414 8832 4844 8209 5407 8090 84 7289 3158 4129 7078 6305 1339 4254 9903 5950 8552 6406 1167 1962 8176 6261 896 8140 7191 9659 7267 8919 9709 8829 329 9608 934 7899 5122 7517 6467 7185 9901 8151 9301 2005 1498 4928 8062 3944 3936
120 9992 3353 6290 466 856 8626 2830 3818 1337 3564 719 5762
121 3014 9280 9200 2560 5115 3616 9171 4976 4985 7153
122 1437 7903 378 5984 7188 9200 4016 9847 2561 3012 3894
123 9942 916 8914 1183 8851 3696 1980 4486 3530 5296 1817 5308 8782 3982
124 1967 330 8559 2201 8625 6542 6064 8573 2596 4624 7296
125 736 7875 3742 2874 35 5274 2800 4899 1143 7845 9007 79
126 289 6183 1646 3469 4371 4919 2564 5744 3899 6029 7153
127 4053 3680 3592 319 1746 9872 8596 1275 2097 8846 2737 8134 3012
128 7646 262 6837 8046 1333 2284 3412 2928 6170 3584 7883
129 8143 7810 5496 664 9386 645 6716 5903 2
130 62 3192 6371 5736 1576 9070 7689 5426 7883
131 9954 2297 278 9716 5 2910 4813 9408 8299 8210 7565 2961 7841 3894
132 4806 8420 659 1756 3592 906 1102 352
133 260 6742 162 5947 9422 17 3949 2911 1146 306 7709 7949
134 8544 6926 6138 4846 1326 849 5836 4673 7285 2666
135 9135 687 6131 3476 5825 1241 6414 3243 5904 2483 2784 5793 7740 3699 7657 3046 3566 3833 3808 9312 4531 6938 3877 2
136 2797 4857 6226 9330 2085 3016 6560 5388 1183 3222 2353 6511 6619 9493 1267 5662 9089 6732 4937 715 7992 9842
137 1314 8941 4278 4976 4258 4074 3777 1298 9919 9224 745 6534 6613
138 7273 664 6255 6607 5372 2051 8650 5917 1571
139 9796 9165 9257 769 8740 9611 8501 4228 541 7732
140 4038 1184 3125 5066 1651 2935 7036 439 7662 5391 6789 7240
141 6176 6121 9977 2733 1590 87 2942 9776 771 1504 8498 2340 3836 5715
142 4339 6297 8742 6062 6602 448 6732 3683 5631 835 1256 2288
143 8551 1927 6917 5220 3486 772 4462 1832 2073 3342 1342 4352
144 451 8437 6814 3027 7168 5789 1377 3246 7367 1125 3894
145 9066 314 2370 4545 1007 3956 3194 938 6991 6650
146 3233 7121 2315 1007 7561 779 5121 8158 6736 7555 569 2962
147 4078 2869 8681 3445 924 6506 4391 888 6572 3316
148 9514 4136 8748 4642 9680 3803 4084 7417 2447 1986 780
149 9303 7851 8350 8931 1439 283 9218 5615 4179 8910 9734 2302 7556 4254 722 8230 9991 8766 2120
150 6726 3554 5299 7403 2216 4303 9619 1002 4572 1117 5412 3004
151 6210 8262 1844 8436 799 6831 6968 4809 9631 79
152 5219 7500 6762 1562 876 9837 4004 2662 5349 1846 4372 2542 9349 8831 674 7452 1554 7904 5609 4437 4324 1728 7742 6909 5072 3505 3700 2866 9719 2598 6011 9290 1343 3268 2265 9640 3835 1619 6731 6692 7153
153 4161 1542 1946 9682 7381 7365 4732 8960 5892 609 3783 5340
154 1882 1 3605 5637 6803 2126 7232 8860 7782
155 9288 6581 8265 7175 8617 3522 4369 6208 9774 475 8027 7517 427
156 6570 7871 1960 5047 5055 2227 6580 4459 9717 6644 833 3758 6613
157 6033 1864 7617 5426 3565 4917 5304 6173 52 7605 6586
158 2223 3156 2319 2105 2900 4500 8473 4117 7482 3447 4087 1491 8668 2607 9961 9056 1666 3936 3012
159 5926 4676 4854 7834 5295 4534 2157 8469 7241 4563 7296
160 7016 6066 9439 9074 4583 6504 6987 1002 9979
161 5195 6457 9418 5057 9579 8576 501 674 87 9145 8723 7992
162 2582 3033 7733 5641 2511 137 7309 8641 462 2331 1383 321
163 7346 5971 537 9718 8328 5208 28 3716 4660 9461
164 7721 3713 1637 5701 7829 7415 2825 6577 4770 8922 1731 5962
165 9830 2194 5601 8117 6758 8141 9788 6129 7164 8624 4667 502 117 427
166 2779 9678 7563 6076 5533 1884 6048 5290 4598 4272 9453 8130 6827
167 4275 2677 3182 209 9307 6521 5945 2959
168 7127 1769 8620 1340 5351 2747 472 1211 5565 6703 2240
169 386 85 6661 3658 3059 2587 1687 1560 5788 5715
170 4837 3060 2116 193 2226 1481 3076 7622 2540 5070 990 8866 7652
171 5614 6943 664 8724 8702 6818 6393 7071 728 9438 7413
172 2041 7264 6540 6037 7627 5549 9090 5073 8284 3982 321
173 4309 5134 9020 4136 372 5073 2822 6260 4830 8422 8005
174 1651 2985 4465 3563 4105 1084 4285 2608 4685 9358 273 3012 935 1668
175 4216 8775 7214 4599 5310 6379 3197 2172 9520 719 6281 6021
176 1308 4823 2024 7270 9099 253 6866 7594 2644 2158
177 7386 5682 724 6410 2031 3034 2812 9657 9383 8527 935
178 3691 6228 8745 5971 1055 2556 481 6763 1231 1105
179 2137 8163 1779 5861 4051 8610 5316 1508 9264 6126 9840 8502 8969 8837 1588 5715 935 2288
180 8380 627 5763 5641 263 839 1135 9838 4664 6258
181 2540 6985 1767 4090 5315 3847 9691 7764 5679 5064
182 6506 1688 8764 3 4681 5595 8265 6411 4919 5715
183 3113 2367 2369 4052 1795 3671 6574 627 4157 4180
184 4567 731 7579 7754 7252 2383 5433 5177 3540 813 1145 2661 4314 6053 2346 1668 7736 3308 8462 8512 2951 1984 7975 5507 4805 8900 3110 7694 5132 6675 3602 3894 2437 1299 2414 4719 2549 4529 8049 8754 4661 6134 476 7732 2752 8939 8710 5866 7423 6258
185 1748 4722 9209 4380 9391 4555 5187 2267 243 7997 4326
186 8788 9287 1887 7937 5170 5659 8549 3026 888 3074 6327 321
187 7607 7036 5169 350 9207 2220 9622 5537 2961 1867 2740 9302 4176
188 8714 2953 7654 6405 7832 8312 5375 7487 1114 1348 1534
189 7854 9294 4753 3691 3444 7807 6869 9559 7160 4479 1729 4765
190 7216 9583 3267 379 9850 3547 3729 7848 1657 5651 7393 1306 4880 474 7372 6 4544 7165 9848 2986
191 6080 3598 9529 6230 1975 4977 6276 3274 4327 1534
192 4931 7469 6446 7270 4770 3730 3743 3862 4721 745
193 3346 9878 9157 968 3317 4725 92 4700 7055 935 321
194 8861 3311 98 1806 3252 6642 7960 6466 6950 8406
195 8782 8981 3215 526 1276 684 5115 9010 123 7498 6594 3691 1982 9717
196 3269 8840 2516 567 5856 1796 6221 3266 1233 353 978 505 8959 4985 979
197 9290 1923 5386 7694 7786 7105 6899 8125 1845 4909 9476 3553 7782 1348 639 3371 7049 8528 6617 9638 7720 8716 9293 5006 5869 5901 6739 9465 9444 3533 6963 9576 691 9604 4541 5359 2422 8830 4855 7347 4104 6920 4354 1852 9646 2060 3275 5451 4343 3801 6482 3894
198 240 3201 3681 915 3302 5135 9341 5913 4764 9271 481 9968
199 5013 1890 5961 3270 9875 4874 3135 6349 1727 5190
200 302 9679 6640 7510 5669 2009 8100 9996 5917 935 79
201 5749 1394 4532 7272 9217 4393 4684 6380 2784 702 1757 7672 6667
202 5186 5612 9488 6659 7835 6936 845 6213 688 5307
203 5302 5158 4688 9419 1635 9620 152 5550 4669 6547 8994
204 7422 9491 7606 8129 794 6847 1097 770 529 5861 8480 3313 4933 4040 3176 5241 215
205 3650 1903 8064 2286 4144 6752 8620 2981 5877 1283 2891 7153
206 2695 181 95 5130 2730 6122 3189 2886 5445 7699
207 3041 8426 1732 8826 9698 1664 4477 4840 9260 2643
208 6675 6508 7551 5856 4012 1268 9949 2936 7223 5445 1984 9007
209 8523 7016 2605 9423 171 4665 5562 1152 5899 7699
210 9416 4471 6493 4976 6429 206 9084 6426 7084 6021
211 1643 8262 7103 9747 7089 974 9022 2962
212 6399 307 9148 7196 825 2671 263 5285 5412
213 106 4589 2457 544 8975 5949 2654 4758 3877
214 4259 6764 941 1036 962 2523 3603 2208 1427 815 1429 116
215 5785 6786 7035 5084 2645 6127 1200 9506 1087 2400 4314
216 7793 1891 6004 4697 3055 6000 2308 4472 3391 9301 321
217 2672 5781 4012 578 671 4292 4865 7160 9833 6526
218 2623 7881 8796 4105 7970 1386 2516 3224 4213 8824 4341 1956 2643 79
219 5113 6885 5154 2721 7639 3010 7735 2342 3488 6316 9761 6161 6584
220 2861 7424 3970 6924 6732 8758 5517 4816 8808 7731 1934
221 9308 6776 2873 60 9104 1914 7131 9778 1192 7559 6669
222 4578 5279 7236 3420 2130 9017 875 8378
223 4832 8684 3808 7887 4770 7641 6840 6780 9802 7691 3977 4716 9075
224 8170 9763 8483 406 1548 2229 8138 7339 7700 7280 6465 2264 6534 79 1763 6613 6021 8491
225 2604 5462 5103 182 1449 9369 6477 7154 2001 7050 4549 6298 5770 5756 5054 8822 7045 77 5668 8856 3172 8729 6622 5888 8167 4728
226 4096 7819 4790 9780 5555 8148 5119 1893 9237 8310 2421 1851 569
227 2206 6893 8516 2462 3151 7770 6062 8795 7197 9379 722 5441 7596 9316 7684 8686 5902 9007 2240
228 8168 4050 8525 8178 3590 8563 403 3473 9487 6584 7285
229 4613 1578 5644 2556 4185 4183 217 3344 4814 7782 9199
230 6933 8567 7051 1030 3640 9802 3671 118 5703 1784 259
231 9590 5113 9379 7905 1743 9248 1854 9328 1520 3830
232 1755 4319 3618 1717 2459 6402 806 9913
233 4848 8511 7712 4554 4902 7557 1169 4174 6778 1979
234 2896 1635 7368 1084 9113 9034 902 5017 7691 2630 1668 5437 9129
235 3434 2759 7898 3181 6289 8236 4042 2031 680 6613 6938
236 2815 6349 9974 1507 5781 5460 2173 9462 6613 2240
237 8141 7510 8424 3931 7446 8490 3898 8990 3982 2340
238 1881 5464 4744 4725 5457 7047 5196 1215 5444 2986 2
239 9319 6237 788 8402 2294 6483 852 9047 7108 9358 8655 5715 7762
240 790 1075 6849 6454 8136 9548 8085 1697 6086 4486 1092 521 6954 9141 6499 4127 7306 2127
241 5391 1120 9223 8265 823 6999 3360 7499 8705 5444 5772 5449 9936 3204 79
242 8604 2436 3679 2664 4503 3711 3927 1884 2418 7883 6467
243 8279 5684 2504 7783 5321 2124 1000 5147 6258 9129 9533 2240
244 4143 4963 9384 6840 5687 8898 5259 5678 6026 1583 3375 7593 9840 4923 79
245 9123 8160 5091 9766 334 6087 4124 3250 1440 7456
246 1634 6079 6639 171 4885 7823 8585 1018 6042 3074
247 4981 4955 5382 8619 9561 3534 6173 4487 5775
248 9225 4735 4291 9564 5298 8045 7978 5799 6143 3830 7413
249 3716 9543 4724 1508 3443 6213 8806 1925 3963 1541 6635 4362 8462 2555
250 5439 366 3452 6215 4283 2539 7639 6203 9168 7338 6358
251 7952 8350 6539 6800 9746 9354 699 7657 8236 1731 4402 3147 1884 8493 5583 2972 4614 7116 8014 4306 8936 7938 7634 7709
252 1268 6284 4850 9571 4017 7382 5786 321
253 6357 6901 2647 2401 2499 7238 2969 9530 4813 3572 8294 2673 1957 7732 6547
254 3679 3550 78 9958 2133 628 6319 6162 4597 8542 2327 7413
255 6448 2987 1584 692 4090 6379 194 3719 8174
256 611 4523 9429 5694 1212 2950 8532 7876 7208 9086 9968
257 667 8088 4315 2105 5875 818 9646 4751 9547 1187 3758
258 5734 5284 6273 2689 3908 4713 3691 2359
259 763 1224 6165 4816 6656 7226 4097 2334 9939 9461 3012 8994
260 1914 6553 3456 1830 8940 3900 6522 125 7427 4901 3894
261 7027 6056 9433 1194 905 9914 4535 5599 2235 2790 9007
262 6479 6735 1778 3668 4206 1463 6655 6940 6674 5682 4169 8644
263 4233 1180 2834 4159 7568 2287 6682 7165 4247 18 6482 935
264 5627 8642 3210 8123 1591 2348 1135 9641 709 9848 5715
265 3257 5414 4474 187 9941 1324 3955 3586 3074
266 4944 2466 8779 7005 5040 7497 4655 3605 6998 254 2327
267 353 3948 336 6164 8608 2680 4862 741 9596 8005
268 4139 7651 5144 9642 5239 8902 5516 8021 7205 8387
269 9362 7680 3421 373 9823 294 41 573 5695 935 8491
270 630 9459 1017 7540 9526 134 9827 5395 6534
271 4439 2444 8852 3100 61 6324 8949 2616 5738 9241 8418 6772 1037 9130 9045 2745 7643 964 1540 2463 8284
272 6892 7039 1171 4349 4781 9572 7218 9738 6098 3552 4035
273 7269 6002 7220 7253 3578 8901 4430 1357 8372 3728
274 2054 9029 2724 3350 1616 1255 6426 3348 6896 1178 7199 9545
275 1582 3822 3214 4772 7656 9445 889 1202 735 427 9968 321
276 746 4659 5384 2624 5183 7825 4947 1203 1764 9483 7652
277 4588 4073 316 2539 7805 6765 3866 1919 3385 543
278 7030 1937 5408 8562 3314 478 7769 7613 2867 6808 1721 8198 6186 7489 5278 5303 6931 9045 7395 8523 1299 1774
279 4311 1942 30 860 5483 1611 7291 842 5416 3121 2543 7706 7244 4129 5390 5543 8212 4695 7720 8220 4086 2958 1043 4362 367 3320 3883 8428 6063 2256 3022 8533 7553 1343 9988 135 9301 4801 7183 1058 2182 4558 4842 2165 2002 4224 79
280 2126 8200 3828 4090 1960 2451 9336 9542 6811 7699
281 9019 2144 3385 8914 5800 2099 6691 1865 2112 1639 3577
282 7937 2122 3669 9135 3076 364 8568 154 8845 8130 9533
283 1182 9505 2377 483 902 2610 8444 2717 160 2121 427
284 8003 4910 710 6711 7371 4130 3373 1186 3024 5341 3830
285 3275 8827 8083 2185 7827 8895 8988 231 423 650
286 1636 8483 7750 4008 7106 8850 1650 9797 321
287 2363 9234 7273 2077 1411 127 3955 9619 797 7762 5762 3877
288 6043 1727 2112 9258 1969 2981 128 4650 9719 2385 1670
289 4407 9403 1314 8352 9558 8310 2185 3683 3365 8997 4289 9876 1186 2155 2288
290 2378 5685 110 6202 9378 265 6407 8511 1258 518 6021 5962
291 7840 3566 9779 844 9585 8117 1792 4538 9930
292 7200 5134 3755 3485 5028 9828 7292 6083 2443 1821 4295 9650 7344 8130
293 1012 9189 1765 6189 36 8317 8602 8521 7413
294 570 1198 2051 2241 3398 5345 9452 122 2959 6082 9007 7652
295 8064 9814 9683 984 1294 229 1468 2039 420
296 877 1140 2253 4969 3181 4338 6133 9267 9990 3753 1496 7296 9244 4199
297 8585 5934 3134 3916 2070 7117 9867 9780 705 8400 2697 9522 9652 6526 345 4253 253 1918 6666 9139
298 8094 8967 4833 4993 4182 2035 3181 3442 6817 1105 2288
299 593 8962 6826 9847 5769 5581 1435 4132 3521 2555
300 4097 3813 5013 1727 7865 5550 8952 4914 8134 321
301 2412 5494 7677 4798 5104 9775 4828 8453 554 5045 7496 1219 9569 1628 6656 2613 5907 5996 1339 9181 8040 7622 5857 9515 5301 1570 9192 7486 7652
302 7947 4564 7840 530 9701 9482 1866 6704 5437 5715
303 2645 8434 4471 1502 6217 9722 3271 1235 8470
304 1305 8507 756 7351 8958 7786 794 1762 1546 921 7026 455 4399 1731 1118 7549 3823 2128 9132 5520 3982 3661 2109 732 6744 9348 9211 5384 9632 151 139 30 5902 863 9480 9586 6891 5389 2729 5964 2555 9244 2986 79
305 1486 4488 4467 5086 911 3796 8981 2231 9209 7893 7699
306 36 9617 4725 5486 8607 2622 8476 1534
307 2508 8827 9447 5091 8880 308 6383 3563 3782 3228 9940 148 5507
308 5282 7186 2656 471 7342 2880 2665 1823 5219
309 6392 3908 2521 4111 6485 2649 506 6562 8125
310 3366 6713 1792 5378 1297 400 4138 5078 3838 7285 7153
311 3650 7811 6329 9710 868 9074 6528 4672 8708 495 2135 4574 6213
312 7993 6660 9408 4947 121 1907 2331 1474 8910 321
313 3137 350 1115 1399 3310 1067 3375 1787 4953 7652
314 1778 2716 3892 4708 5518 8804 2443 8072 8439 8994 7153
315 4781 5554 4503 6003 3428 3488 1162 8001 6841
316 2610 4363 209 3027 9067 7274 1792 5412
317 9045 5787 7925 7976 4630 1249 6841 5991 1485 4909
318 9816 3986 1262 9041 1859 3227 7004 1907 2559 6440 2999 656 3766 2031 467 3012 7652
319 5591 6934 2450 2022 887 5425 1527 2296 1939 8832 4527 1134 7736 935 79
320 5964 1929 6190 7978 6898 4110 4429 2877 502 9936 8095 2787 873 3651 18 4970 6323 2266 2783 4159 2234 268 7153
321 6389 1206 7593 6105 6212 1888 1829 5920 7781 8254 408 1360 4065 393 1789 8212 2240 2962
322 9844 3945 8735 4023 2763 8676 8213 3283 3051 5448 4168 5553 5111 541 1871 4027
323 8192 1848 3980 1199 4211 923 5850 5621 3613
324 8619 2664 4898 4284 5023 1838 4712 3203 4863 39 1356 6764 9007 2240
325 7743 1764 5303 2467 2099 6010 1706 1582 6865 7772 1668
326 4864 8339 5863 9800 2216 4900 7529 4149 243 4724 8711 8431 4901
327 7551 2354 9402 7719 7211 4111 1963 2287 5752 7652
328 681 1590 4498 1136 1513 4172 6430 7370 528 6899 1256 447
329 221 2123 2437 7350 6949 3195 9480 9485 1678 2978 3521 699 1741 478 281 2842 220 4730 719 66 2184 2302 9548 1579 2962 487 6861 8528 4342 4967 7069 557 6899 2643 9292 5772 6712 6978 8722 4199
330 8244 4186 6697 8650 2815 2712 2835 5677
331 590 6212 3378 3972 7869 372 2476 4245 7440 5115 5963
332 5086 6268 922 1474 6941 7581 5183 9899 2551 6049
333 4852 6227 1470 1695 4440 7826 1686 3385 3782 6245
334 7796 8263 4665 5366 8075 758 4206 7866 5634 5946 9424 2986
335 6330 6668 9493 5916 8599 739 9593 6805 6301 7075 3410 6541 812 7572 6742 745 2962
336 6065 4506 8817 7368 36 5613 1919 216 7762 2
337 1537 4625 1384 9426 2719 9769 2438 106 357 7133 3023 6938
338 7945 5136 1988 531 7356 8983 6976 4649 5977 5962 8994 8671 1647 7438 2962
339 4231 2850 9592 7059 9307 8143 490 5766 1445 927 9007 2962
340 4438 3357 4672 2138 7667 2559 1624 3404 573
341 7090 3418 6117 4933 7686 5574 5953 1340 4564 1019 1461 9968
342 1847 3212 2521 2314 2022 3279 8200 8469 2568 8406
343 867 1839 8552 5895 2978 5838 1174 770 2670 9398 1971 8268 949 5747 6311 1020 1680 9236 5006 2150 8907 7147 6961 697 4684 8784 9248 8068 5643 5254 1719 7912 5802 2692 7610 9023 2321 4045 1761 4824 7454 9265 7949
344 9926 8415 1201 4612 9492 6518 7261 9019 2320 5170 5478 4901
345 862 8242 2984 2840 5422 7734 4034 4587 3436 538 5261 2121
346 3640 775 5202 9457 5449 4049 2820 1825 3074 1299 6537 7762
347 226 4640 4550 2108 8324 5535 5976 3452 3936 4199
348 7255 5143 9432 5081 8555 6932 2383 2756 7611 3898 477 8193 6938 7652
349 251 6358 836 442 8086 8440 1087 2957 4764 193 7234 6547 4985 3936
350 3137 4283 4313 1766 9234 2852 2776 3351 2843 2
351 6188 8418 5038 6762 6428 3836 9027 4070 2150 4168 3081 4913 917 4612 9968 3362 3795 4214 8439 1580 2189 2741 513 3681 5838 6362 2685 8484 3032 141 1552 5880 3113 3745 6451 8049 6486 5546 9947 1140 269 7425 8130 1740 6327 5033 6101 2030 8671 8989 6584
352 9482 1994 6956 8885 1332 1187 2557 3298 2636 5248 9968 5715 3894
353 2395 5682 2338 9866 1489 4062 1616 2040 4664 8140 4400 6467 3630 3936 7438 5219 8406
354 1023 7685 8546 9602 2094 8707 3293 5873 2495 6044 8491 7949
355 4522 4318 265 7298 864 708 6158 2634 1683 569
356 3486 1515 5085 6332 7040 1277 1705 7000 1608 4845 8714 6691 1877 4505 1962 8021 5636 3506 1683 4216 4580 2615 4199
357 7571 3939 7608 1460 6752 7529 2837 4926 4087 4405 3395 8130 2240
358 6529 1861 9184 2845 3435 8447 3719 4360 1799 3836 9842
359 7021 6299 7197 4644 3627 4165 8698 5079 4311 7949
360 4195 6582 3529 6425 4437 9401 4194 1059 6040 2635 6261 6076 7055
361 2123 6597 1346 4278 8778 3969 628 2821 2115 9491 9443 1668 79
362 7783 5116 7003 5105 2660 3489 5573 9437 2528 7762 9244
363 1586 3076 1834 2949 4830 7959 6825 6536 7743 2666
364 5513 9312 1564 9263 6035 7676 8393 5008 610 5470 321
365 6138 8558 9890 8952 4209 4304 6266 5211 3217 6054
366 6004 5207 2048 8682 7404 9009 1965 2982 6451 5412
367 1016 2049 3443 253 9327 2470 5023 1745 2425 631 9474 7616 7699
368 2331 2515 9103 6533 6402 5874 4926 5355 4562 321 2962
369 5586 9768 3459 8264 1704 9773 9911 3310 3371 1534 2962
370 7196 7691 3524 2941 2156 2361 2924 6200 4654 582 9398 7120 6101
371 7570 6946 8029 7037 5857 7604 7213 7057 6731 2603 9362 9292 8681 8017 4606 457 794 1963 1479 6699 7069 9989 349 6982 7987 1085 6148 8257 8690 6413 5849 9290 6048 8938 3074 2962
372 2086 5818 877 8744 6510 5733 4761 2402 4151 3074
373 561 6892 5402 2997 5608 5578 7353 6303 636 8715 8125 8994
374 629 8045 736 9861 8466 2124 8296 3988 6894
375 5130 9305 1033 9334 7303 1549 7890 4180 7153 1668
376 3609 7890 8127 3072 2471 591 7220 943 4196 1574 3894
377 6137 1611 9478 7893 5038 8470 8319 4284 1281 9451 1216 7970 6 4345 3697 9816 246 8978 2446 3380 828 9256 250 3251 9689 4705 6226 4060 2613 7151 9586 744 616 7949 2240
378 3470 4133 1789 1365 7665 1121 8700 602 5795 5743 8042 1682 1824 1905 1052 5257 3427 3982
379 7597 7242 4580 7311 4090 2363 8413 9225 7429 8994
380 8052 6055 7172 9542 1563 4777 2355 231 561 3106 5715
381 2927 5997 7369 4928 3047 5052 2666 2650 2019 8183 5660 9197 4180 6188 1336 7956 1581 8325 7742 5639 1391 2699 8053 652 6503 6899 5509 7575 108 9478 6451 622 798 732 4359 5702 6458 5885 9199 5726 5232 761 5715 5815 639 227 6986 9487 3547 2158 9638
382 5243 9954 2835 4721 6185 7155 6901 9875 2962 6938
383 915 8670 4702 2389 4453 2576 5815 4402 6603 5592 9430 6918 9042 8223 8658 5443 2195 6613 7762 5715
384 3318 8653 8773 3053 7775 9534 2883 4687 5714 2420 1361 3148 935
385 6464 6262 7169 836 6863 1665 3631 9640 1601 413 6301 7204 3190 4957 1050 2790 5899 6978 9043 5014 6798 1140 5885 5794 177 2884 8058 2206 3104 9815 3747 4639 4234 8282 1095 463 9576 883 6258 9968
386 2551 2713 1325 8508 1287 6168 1398 6747 3441 6501 9393 7449 5796 1383 5715
387 6316 8432 3169 8760 9278 7503 3387 5251 6547
388 4477 7827 5399 6098 9738 4708 7779 3105 5652 9968 2962 2240
389 653 8517 2756 2315 939 7237 2356 2994 5081 8994 321
390 5436 3941 7409 927 497 4089 6840 3277 2431 9636 4384 2013 1238
391 2846 4326 7219 4828 557 686 538 9007 3456 4345 935 707 7521 2818 4045 1248 8907 4584 7740 6869 8918 9025 511 9982 6984 2139 400 5043 8027 9065 550 5003 9887 7791 1593 3331 1642 1195 1935 5690 395 3656 3528 7153
392 2359 9714 2279 2781 5780 7292 7582 2934 6268 3072 9931 8711 1668
393 4434 2030 6709 7865 3846 6371 661 1691 7945 2 979 3894
394 3075 5595 4200 1418 1758 6832 5139 9903 1625
395 323 1233 8476 8810 3526 6579 833 5276 2728 9738 6656 3111 321
396 6619 1994 2377 7297 4782 8390 5273 4321 9200
397 6856 3879 5793 8739 171 8128 2137 262 1760 6584
398 3523 8656 4162 2477 4518 1494 2783 1416 5872 427
399 6859 3267 4478 8363 9395 2305 3178 1044 755 9750 8982 8084 1978 819 2269 8282 5098 3305 1059 8337 7782 7240 8994 321
400 4882 8717 7566 6815 1584 8198 9183 377 1843 3996 9577
401 3034 2714 3178 2130 100 8466 2029 6193 2319 7580 7142 3521
402 139 2712 4548 8119 2868 2401 8042 7670 4717 8736 8583 7079 7260 8403 5182 1032 6617 1757 3877
403 5410 9839 9459 5282 1525 6443 6650 6442 8722
404 5138 7207 9549 2466 8275 6184 2687 212 8033 5868 7622 5867 3857 3732 4313 3982 2
405 7388 5675 5022 1158 2118 580 5262 2127 9861 6360 9244
406 8132 7634 2059 3150 71 751 5069 5943 5075 2047 493
407 6743 1209 2693 5839 7290 7008 7673 3174 3476 6015 8036 7030 3456 965 6677 9481 8862 455 1555 6168 4798 9563 7880
408 424 9225 9035 7022 9909 2844 2434 3957 9301
409 7319 3143 319 3185 7471 4408 9459 6214 3259 1079 9533
410 9652 910 6967 1770 1752 6049 8332 2444 5307 8854 1044 921 3465 2828 4027 6024 5117 8105 8932 673 3541 397 2052 6734 6011 5023 6681 6705 7013 1680 7435 9047 1043 8880 8335 7504 2929 6797 4959 5446 8406
411 8272 2590 7940 2492 3346 3098 3840 7611 6457 3354 7652
412 7658 5218 3389 1520 7288 54 3628 2989 183 79
413 7416 1068 3313 6275 4366 1951 5628 8411 2349 5762 2962
414 6730 5812 7348 5688 5975 9112 13 415 1590 4930 7569 6044
415 8768 3028 3151 8703 6033 8623 6684 4120 7267 5643 7949
416 2261 4490 8327 5312 1927 1838 6563 2638 9892 843 3982
417 8200 2813 8645 2248 1144 5945 751 6441 6348 7137 4377
418 6504 3671 9484 9415 8434 1537 2860 4770 8462 3074
419 4850 7066 3810 2561 9907 9509 4044 5332 9310 7732
420 3566 4943 8553 7098 1288 8416 9366 2802 9957 7256 8495
421 7453 3660 5291 2210 3551 298 503 9859 1984 3982
422 3002 3003 226 9698 8180 7697 4459 3381 7836 9893 4991 4855
423 7059 5683 8517 1526 607 3605 3448 4119
424 2882 9208 7580 3669 7510 3797 1230 1202 509 2240
425 1815 6636 8357 516 7681 9616 2526 4571 8176 4556 4892 971 3458 2657
426 5780 7485 4055 5232 3817 5448 1081 4834 2666 4282 1780 5857 3005 5141 88 7952 7314 9414 6115 3504 7012 676 3203 358 252 3584 1924 7536 4418 254 4898 6347 9829 3509 2392 3715 7787 7361 7997
427 8421 6897 2187 2070 2202 9581 405 5534 6387 4369 4054 6495 2072 3708 3427 8203 5268 8928 3638 6534 7762 3032
428 2720 7784 5652 4685 3180 7218 8612 5350 6296
429 4366 4375 1403 8099 5798 8011 3662 1525 3023 321
430 3719 7342 995 9935 5602 9610 5516 8826 8069 9244
431 1086 5814 8026 5176 4396 3385 1955 4565 3169 8412 5930 6134
432 4871 9582 2384 519 415 4857 7857 6604 4184 6648 5910 2701 8298 5110
433 8385 1587 5719 4119 2268 3688 274 8635 3418 6327
434 2379 5298 7346 2279 4825 5181 8397 1524 148 2414 9244 2643 7699 6613 1668
435 9793 8988 4157 1689 7052 4673 6926 9584 4228 1343 3894
436 515 765 409 7129 8567 3132 4417 9518
437 4424 4621 9769 6814 3007 3770 8063 3822
438 1464 1568 4201 6354 4599 6374 4155 1183 486 1324 1451 6889 4314
439 6764 4191 6882 6334 2952 1849 5564 6489 4008 3297 6327
440 7901 2933 1421 2570 1802 261 4161 370 2006
441 3994 5819 853 8669 4244 8167 9859 9736 7495 1905 420 7883 2962
442 1051 8997 5379 4686 8689 3411 8530 9284 4842 5145 9886 6398 1910 5505 2327 9968 321
443 5847 483 3910 2408 6343 6185 1082 8316 1892 5064 6613
444 8715 8234 6758 6865 3066 6738 929 8532 4511 861 3965 4232 1178 8239 4401 2938 1019 8798 1956 6101
445 6951 2918 696 1598 3909 929 7863 2961 6749 4126 2240
446 1220 8358 7474 8355 1064 3015 1978 168 4933 1623 5567 9194 3549 8189 264 5552 2476 5909 2990 1009 2555
447 5823 1263 8224 581 7675 5681 5058 4042 6090 5177 4034
448 4336 8717 6279 630 5865 3337 7512 7697 2852 5412
449 5183 1961 7354 2751 2987 7804 6055 6356 4194 5023 8105
450 9214 328 8767 9054 3097 9161 4837 361 6613
451 4122 4366 7797 3761 5473 294 2033 5632 6692
452 2919 611 9198 7268 8801 8485 2442 2582 7968 979
453 2158 550 3 9115 8344 9505 4011 6495 8908 6102 9107 9637 9449 5674 7521 3539 2704 9887 9351 279 4310 2538 6739 2016 4107 6134 7699 4803 7536 8918 4108 7278 9299 7321 574 395 737 3159 1647 2699 3894
454 8724 588 1024 3607 5546 6881 8257 2810 8618 6913 1227 3004 8423 1531 8687 6071 6922 4785 477 4348 6063 7631 7142 2773 6095 5780 7252 863 1095 2203 4661 5748
455 980 4845 3282 7464 4703 8792 9002 7360 9874 6918 8005
456 8739 9636 3847 7768 5309 6025 8914 9787 2461 6049
457 9733 1414 3331 6502 1929 9107 5193 3700 678 5838 8780 1348 379 2176 5457 6762 9806 6351 7586 8998 3961 2746 4692 8794 4134 8248 5333 2875 2867 606 5895 272 8881 8049 9040 790 4077 7369 3262 8142 2533 4385 2288
458 6845 1652 458 7761 7375 6808 5011 4543 9607
459 2316 1651 4088 8316 1484 7140 5170 4162 1883 5762 745
460 6116 9268 6267 8652 8658 1263 389 2228 1176 485 548 9083 5174 8247 3111 79 7762
461 3011 5944 1993 3291 8804 9975 6193 6573 4231 6613 2962
462 9531 2322 5641 9632 7358 5615 1518 2672 956 8645 259
463 5404 6858 7943 915 4749 4058 4440 4436 4450 1091 9731 1774
464 6688 80 7295 4082 6957 3010 4585 3895 9782 8134
465 1224 7539 4559 7466 6338 4171 8108 2550 2379 1987 300
466 919 7881 1213 8892 4078 817 5180 4875 5162 7290 4857 2423 7065 5703 2288 1668
467 8687 3348 4953 1469 7159 4513 7854 7672 9264 5943 4386 3360 9007 2
468 4852 2249 2348 3674 6835 4318 8792 2747 5948 221
469 5723 6389 1639 1018 1028 4587 6493 1682 9453 1774
470 6234 7989 3537 4544 5228 6696 3596 8743 3702 6145 1786 9400 9841 5257 3021 4686 168 3290 3789 1668 5962 2555 5507 321
471 5049 5842 5938 353 1468 6864 2708 8180 3115 3376 979
472 4290 9067 9266 8624 4312 8289 5395 5114 3586 2962
473 5994 5222 29 5234 3394 5681 1708 7238 7364 203 7968 9852
474 1853 657 4519 4331 7860 9188 8666 6051 7773 1941 8716 2121
475 7470 6406 1494 5950 5037 696 1610 632 2224 6771 2962
476 6151 1482 345 6722 2272 4370 5492 7926 3657 2727 1105 1668
477 9091 1698 1605 9729 2885 3301 4592 1440 9575 8248 2340
478 7278 7473 3932 6863 9898 1749 5316 3567 8566 6130 394 487 7978 9026 7431 3227 9159 7519 660 402 5069 4749 1773 4310 6149 575 6074 437 8462 1299
479 7102 4125 2816 764 7104 5233 8860 2310 1746
480 8879 4360 1872 7241 4063 9066 1295 816 5160 6341 9285 8442 1409 2155 3023 2240
481 7941 48 4589 515 2839 7067 5611 7633 4060 4180 9842
482 4772 9552 6286 2332 2968 3643 3156 4115 2288 1668
483 6835 7627 6818 7593 7157 9828 4902 6393 5597 7902 2 79
484 5673 3891 7535 7159 3389 3698 3985 778 5280 2114 8387 2288
485 9809 3300 7862 6975 1040 694 1652 3149 2434 4937 7245 3602 3830
486 2258 7582 2034 8551 1725 906 4645 5505 3802 5244 9453
487 2400 6221 5578 9986 5859 1466 4265 4632 2141 4732 2288
488 4920 8190 3891 7451 7703 2557 5545 9923 7992 2986
489 5597 3800 6103 5886 549 6919 6148 2068 9028 8043 7120
490 4833 2919 6677 3480 6241 4057 5634 7651 3760 8293 9842
491 2541 7245 6242 3028 7042 213 8309 4438 4187 3376
492 9335 3977 9823 4649 2275 4529 8214 4274 396 2366 1762 3428 6200 9842
493 5388 7755 1497 8323 2465 4594 1027 7220 7315 9374 427 321
494 6940 6911 3777 700 4469 5598 7849 8886 8992 4527 450 9244
495 932 5131 5278 4629 4178 8855 3612 9187 8854 4411 4276 7616 176 6063 2505 4382 3441 2390 5668 6683 7240 1625
496 2431 4718 2509 1330 9725 3626 9520 5881 4644 352 321
497 6832 3252 312 801 1886 1450 6703 9565 6030
498 5758 7023 4783 2741 6250 3005 7696 1117 4504 5645 2730 7751 1454 2426 183 8711 9943 6014 5234 9623 6222 3320 2983 5323 9443 6144 254 5212 3044 2264 8287 8566 5726 3584 3610 8150 7379 2518 5547 3352 8105 4497 3895 8844 155 2608 3043 259
499 7111 48 1602 7493 6680 2076 2453 5393 6606 8431 7
