100
0 4048 5561 62 1862 5046 1725 1541 11 41 1847 6134 2428 4460 231 331 442 61 97 23 339 2978 789 7013 1137 2334 35 949 2288 2849 663 2509 2 611 74 4589 6915 2045 299 5136 110 615 6 6045 82 1227 1558 3069 1702 38 1884 96 4040 123 717 288 742 3652 935 330 720 679 6160 158 424 3299 3977 4829 2169 1189 1110 2322 4329 751 8381 896 2212 329 7918
1 10 1552 2315 43 1732 1416 328 6820 42 33 108 213 772 1035 47 1503 657 240 1368 16 5469 2268 756 17 422 3045 815 1498 1290
2 3 181 5942 1595 49 179 367 553 804 1044 456 3790 50 142 2552 266 81 218 184 738 362 214 7473 287 254 789 2810 1613 805 3244
3 304 6284 489 5519 24 8295 976 4 6702 1370 56 3659 5803 3025 256 257 3478 170 1123 401 4009 142 16 96 159 364 475 1362 557 42 122 40 309 5472 7975 21 684 496 8643
4 257 16 129 3751 2413 25 402 891 392 9290 3946 26 4157 9493 1336 2670 3860 862 568 641 140 112 173 908 210 5196 308 2460 35 397 78 2327 3335 1249
5 240 496 175 1966 5 15 20 1274 1702 299 61 158 8044 135 2163 44 23 35 41 161 11 96 2918 97 38 3304 715 310 409 5160 611 103 739 1437 510 3109 145 178 21 1550 933 1648 1743 83 1030 2232 946 22 561 238 195 3243 2033 361 5218 694 763 1958 1263 3849
6 534 399 26 1765 50 0 137 507 3444 71 698 3455 546 25 8704 179 3926 31 853 3 2805 4630 445 809 24 597 4 1183 644 3870
7 7 63 332 1452 44 236 21 1959 8 9 2205 9225 14 650 19 1762 176 659 1704 58 331 30 1027 119 1207 5069 11 485 15 28 524 5429 82 1315 398 393 303 948 7791 27 5 3054 4371 57 681 74 229 139 2744 1985 102 252 290 38 356 2983 184 4023 8660 371 107 211 78 140 1590 4848 62 355 121 329 999 382 3500 880 1296 131 224 725 1793 4482 18 218 95 8688 976 54 2852 2653 13 2922 7162 207 537
8 2649 54 6 5186 24 2622 87 1590 18 5812 537 160 42 767 216 13 545 52 30 411 70 422 146 92 60 377 1463 275 65 28 199 8 252 404 19 1597 37 8734 1679 684 1468 7 9 126 3198 7292 1572 1440 9030 5515 253 2572 1632 1089 869 549 14 4703 5367 484 2902 164 63 485 940 280 1388 120 27 333 1611 1558 1386 4524
9 2170 8 15 30 78 6234 176 355 58 9 65 88 253 432 14 19 410 5 21 468 120 7 510 2973 552 1412 7401 28 1388 158 442 1756 6718 27 103 69 82 1312 1757 332 5349 123 114 3024 299 37 187 229 1106 2562 240 193 138 184 7876 139 5641 121 330 164 6304 6729 4421 166 62 1554 524 4390 715 5605 4962 636 487 1283 638 285 6481 5779 3423 74 1745 1779 660 3222 4497 1104 1236 2371 3642 3412 900 3008 1256 11 2359 395 4605 1019 5448 424 329 1303 145 8402 1223 2158 1967 2683 8947 3248 4364 8355 3100 727 4880 342 8543 2849 155 873 554 5200 2955
10 206 513 3199 28 9039 72 14 65 1575 37 7 82 102 929 38 268 5 196 2820 2088 44 715 487 9 57 1183 2138 737 131 61 7081 1387 1112 211 277 6951 267 8243 140 62 2185 1707 3441 1339 19 2240 5516 240 63 7173 2668 56 193 596 15 594 126 103 58 638 372 662 1564 152 119 8094 8 1327 599 1131 123 1483 1447 78 1826 145 27 1725 9047 3424 2701 915 1369 621 824 332 4210 5031 176 1506 2871 6049 442 5725 3268 229 482 1771 7959 3395 4291 348 789 135 3008 914 940 410 495 4266 468 5276 2169 4432 595 1541 382 5268 1436 587 2104 138 2848 5926
11 7559 79 206 1353 3231 3317 41 409 166 18 446 38 1509 162 6094 9478 3016 13 6258 8184 7589 1360 1190 180 2152 2029 313 2313 750 73 60 159 7797 265 1566 193 755 157 98 216 4 7989 48 120
12 57 229 20 6756 598 13 6058 3053 118 2416 23 2 189 6 742 207 35 1226 84 836 1292 365 390 22 524 74 803 335 1298 55 231 17 245 3121 615 613 1019 7593 421 1001 119 11 162 910 132 30 707 680 2044 96 370 587 391 146 1502
13 2590 1 3943 49 5446 33 361 48 1677 1402 77 87 3066 2185 7316 230 36 462 29 503 1540 307 4162 201 3659 1105 1370 2664
14 2751 2052 5795 4244 223 258 4752 175 186 1021 3548 370 214 9441 48 327 4416 10 181 4362 362 55 40 490 8055
15 194 766 190 1880 796 2745 169 528 601 64 1123 183 53 396 2442 68 235 154 151 230 6226 25 50 4974 2217 1080
16 8486 461 2857 722 24 36 450 5222 6281 848 51 534 1477 1748 31 291 3689 2767 1278 115 526 185 3715 23 50 385 2169 3950 2746 18 602 2733 4 756 2330
17 5893 7 390 637 879 8 940 252 14 138 62 63 21 78 797 9 8015 184 1554 583 6378 968 1270 1352 339 199 19 536 3306 61 11 4607 731 396 9470 96 549 4063 3912 30 346 2981 5278 1524 74 356 15 454 5404 3977 510 665 5 2145 6049 1591 273 4167 23 44 4343 5558 176 28 751 20 69 3923 2614 65 2296 102 329 285 152 1077 1395 193 2067 1330 249 72 4040 1951 485 4335 299 824 915 585 4497 145 2809 2844 494 37 841 131 2419 1584 9927 1429 139 1093 3532 126 3540 107 5381 1862 27 2889 9351 114 948 8152 1667 4807 2905 3025 187 4568 372 6369 4813 197 671 7518 7594 5621 2238 8034 2700 7211 869 686 236
18 998 701 3813 2657 1973 454 678 168 122 1082 16 3623 2128 1481 628 221 60 6256 88 9076 123 346 18 608 417 3751 79 4098 175 377 2207 110 469 4102 9 252 355 3158 8 27 609 8703 152 1052 28 1756 3410 7557 138 356 6787 184 120 229 1604 7984 1256 253 121 6986 6452 671 199 3299 243 708 1334 2120 583 166 1468 2112
19 550 1253 2552 17 149 946 539 298 229 2 3790 2175 1136 35 204 70 6 602 80 879 503 1333 84 980 358 55 60 4196 1325 704 871 96 484 88 625 5910 303 2208 6930 1119 107 236 995 992 800 4291 517 1689 1799 3142 3106 2391 545 1612 9768 4063 309 1437 5990 9732 1171 253 3514 1762 3448 6684 5182 8933 3621 9081 1737
20 15 5526 1052 9 8 2930 120 410 2298 126 9246 1783 797 7048 7 14 152 859 27 57 61 37 8454 35 199 751 4171 5329 206 647 1351 158 1225 4919 2147 784 2659 962 301 1771 30 7069 1638 5 9521 332 184 107 102 3497 4688 681 280 193 84 585 1702 161 252 3718 2180 198 148 9562 542 967 805 624 131 6767 1005 4662 396 187 2591 709 114 7081 549 1168 1412 1290 4067 166 3483 778 4984 2153 249 19 907 176 6373 686 243 5514 69 63 155 6362 28 4225 82 595 4408 1522 62 1476 2047 935 135 78 632 843 655 1768 7347 3172 9519 3286 121 442 561 331 1184 3533 299 3441 5973 3198 484 1117 1591 1187 58 117
21 53 1948 866 5834 129 2049 4 110 245 2491 1271 122 26 90 3257 845 636 24 1438 457 597 1156 288 3572 83 1042 172 1087 567 1979 3041 1023 403 2372 11 2264 2848
22 6747 9 7 126 3424 8955 468 7508 9517 57 28 69 442 72 2768 96 1966 2402 198 2218 161 27 14 5 102 650 164 15 8 1290 62 513 1310 7624 2045 583 1173 166 459 1770 11 145 63 933 58 316 157 301 5600 132 193 187 74 1805 3379 8677 37 4099 78 44 805 476 355 2000 1423 2190 342 19 2304 843 224 148 2163 285 356 121 280 8226 9425 3211 197 277 480 977 229 1215 731 114 299 268 1562 7798 103 1122 2703 1494 2857 1128 6188 8156 3824 703 1522 1106 110 776 1114 484 7218 348 5659 1195 3818 30
23 187 19 375 27 37 2282 8 355 139 78 28 750 7 2142 249 316 57 15 63 65 9 74 14 1152 8116 158 152 9888 5 2169 4994 135 3284 1981 58 3700 131 1413 524 4864 126 1597 7658 184 145 1506 572 44 1452 443 4350 138 5336 8802 1951 252 7325 35 21 325 3706 2579 3839 3600 611 107 3525 2198 6684 114 197 1959 4336 429 482 6644 915 909 1967 7918 549 332 206 1436 545 612 1113 2837 274 517 1491 2973 424 1669 112 1673 330 1697 8911 11 4724 1537 1078 1000 2298 604 647 880 1412 1351 1667 9559
24 178 1890 38 18 15 5421 954 3416 9098 375 966 219 88 1566 83 1871 115 1379 3631 4672 87 221 1913 427 9742 5634 122 305 1260 8114 1936 1286 7815 4859 5935 1690 6854 757 5707 635 1581 4514 120 8 27 655 977 1572 6347 708 138 3706 2614 184 1173 6238 6138 5333 8450 1334 725 1412 2060 554 126 494 621
25 9677 44 8 4397 199 5 542 166 120 14 7382 7242 4100 1174 3747 7 57 1610 267 19 8243 1112 9 27 240 952 236 3880 72 131 69 595 494 164 4724 28 1524 1350 82 107 2709 176 1222 6115 161 21 37 389 342 2106 1667 3196 23 252 74 1554 1478 409 70 3262 850 63 103 249 393 5482 3398 3251 1482 15 8360 3964 594 1888 390 8489 140 1307 138 301 88 7636 443 408 7354 84 880 728 3483 5511 1001 112 485 1184 146 5874 2685 1048 1645 1434 1200 147 3319 3139 9054 587 330 1134 6534 193 1495 309
26 64 357 856 6229 6156 591 6423 93 3140 124 533 1108 81 689 5376 2343 156 237 551 1866 32 225 554
27 500 16 23 8614 984 11 265 2430 631 20 261 212 112 45 3082 118 44 2 4152 2171 17 1183 385 3179 1754 3692 2491 228 84 79 849 125 855 4517 901 2769 35 8149 97 7250 119 7607 183 1298 501 7167 88 2033 375 651 211 21 2780
28 7971 55 23 16 38 96 3631 321 3428 83 325 2 22 2360 557 11 178 697 35 612 7590 881 300 857 3398 2576 978 663 619 206 17 74 88 6785 82 132 861 1001 2965 1008 103 446 142 258 170 110 5350 149 432 1274 80 1016 238 482 4977
29 3 279 2768 344 246 3417 25 1235 380 9843 506 1035 52 129 320 76 5617 349 130 456 1 1576 1429 5667 19 4919 28 57 487 1506 4881 199 962 2684 609
30 2 22 55 275 8427 9360 4797 9246 2427 6450 16 20 1596 1210 5667 264 2296 5484 13 3943 377 137 35 8875 175 198 84 256 56 6 73 41 19 3927 4089 58 2106 3970 4982 5395 2091 332 2563 117 3363 2292 3443 157 443 552 301 2298 82 1283 1674 2698 5626 1132 4532 348 5634 1881 2116 2785 1221 408 1771
31 4857 4625 402 6 18 45 5909 2882 414 757 572 282 189 5447 13 218 946 272 1150 60 812 145 975 225 264 2329 156 152 123 1223 686 20 432 146 374 171 119 98 2371 86 2738 83 915
32 1506 121 332 9 830 1151 301 1917 15 197 199 1344 7 1000 63 44 554 2486 161 135 28 3458 5921 681 21 8492 552 14 1627 653 164 65 5483 131 8 8993 727 114 782 1106 4281 5 2185 1031 7708 27 30 37 735 19 193 709 900 5051 4157 824 57 4364 1200 309 107 549 355 5626 253 102 268 1750 764 4425 1387 632 2402 117 655 148 1783 120 1412 5091 2819 4648 0 25 577 2883 104 2062 666 7591 3160 1799 624 176 2825 869 138 625 3489 184 3053 1583 451 2076 426 166 2526 909 316 2841 236 5448 152 995 797 3849
33 175 769 139 2492 5167 20 69 56 1900 1529 598 300 1151 7373 73 303 1128 236 8488 482 231 3483 3455 74 2374 193 82 1114 22 973 599 3563 961 1376 1930 3119 5395 92 2444 871 11 2088 404 1793 285 1011 2214 299 63 1184 228 2348 78 7387 764 940 3741 3447 900 1548 681 1414 679 480 61 2577 7086 382 1445 333 812 252 16 612 1294 6698 3046 8225 3498 271 1468 1284 1807 542 432 371 6656 3239 2205 2521 316 650 992 3182 2261 290 653 2614 356 224 3591 442 671 2003 126 554 8751 8 9933 176 1387 2848 3097
34 14 140 82 6523 102 5 3869 587 30 63 390 1446 21 885 9346 734 58 8044 16 45 2248 38 1891 1269 1921 6755 74 653 6762 9467 1232 2787 333 175 240 65 4619 158 88 204 2147 15 926 2941 2688 2453 4995 455 228 44 5850 329 6604 9 126 1587 4895 8 665 224 7 139 621 1283 19 121 28 1106 27 899 1077 482 720 9894 290 285 2153 138 164 751 850 909 3441 152 1583 120 4104 442 148 2955 252 1809 900 1756 554 197 4728 625 9039 1287 549 1575 2214 371 2076 4142 1408 1173 1679 166 4364 253 4525 1263
35 1260 11 2 5 277 388 70 2148 38 829 137 16 82 132 3011 1506 20 3977 97 235 4710 1186 6137 454 212 519 55 17 157 763 21 8030 118 6962 8315 3126
36 632 970 871 9040 195 1098 2285 5361 4156 669 3406 616 3730 4804 406 526 2739 5041 92 70 660 446 6137 589 23 3586 41 469 16 409 1736 36 35 238 96 4070 56 2114 4219 2492 87 79 907 1936 20 2979 3996 1151
37 3698 1000 496 2 1097 90 3243 17 807 170 417 1100 6630 249 1754 6 54 238 4974 87 231 195 5791 1136 167 151 289 19 114 268 3222 28 9 27 8 155 126 57 4864 69 236 62 166 395 776 2444 1482 176 3097 487 356 5862 371 4347 3412 2612 410 198 2126 7 1256 1089 2430 1737 2713 8702 2073 968 1343 6577 121 1575 5084 2513 919 2292 303 594 125 1966 3317 45
38 298 6329 506 768 1 1314 3359 141 75 12 36 132 68 447 327 7486 44 3622 906 143 3034 2078 29 231 78 339 524 161 8342 1325 3205 102 30
39 14 9 8 5634 19 583 69 27 28 7 158 646 5381 750 4388 389 204 393 632 4089 2688 5 273 4302 647 1546 8334 62 21 65 135 554 301 37 280 139 595 6234 439 339 2138 355 2523 161 878 114 879 267 1171 1369 120 747 3983 9611 731 138 1395 102 979 1251 56 1930 728 686 1153 184 176 4768 797 5895 2088 896 88 356 2503 1723 387 58 299 5480 468 4430 1671 74 166 8316 5391 5546 152 2383 2825 7048 107 2143 968 3631 148 5921 1854 7108 1227 193 164 3493 1324 7104 3182 1667 30 3389 1597 1112 1098 63 977 110 1222 1313 726 5705 2889 1520 4028 566 57 121 914 6082 199 155 303 624 252 1981 7548 2177 2120 3470 867
40 982 144 60 29 90 4 1738 1503 700 156 1114 13 26 789 6025 1153 539 42 84 660 282 9203 5507 265 363 167 545 3915 224 35 5326 3866 3790 151 250 2005 146 859
41 11 5 14 650 206 19 484 9311 62 1442 6565 37 131 3884 231 1497 38 117 7546 566 114 480 5801 82 619 2134 339 1168 30 21 444 5724 762 389 2147 35 44 4858 8672 8272 545 659 55 7672 782 321 9678 2759 4859 4099 476 365 382 20 102 486 13 218 265 112 16 288 1330 684 2374 5522 41 17
42 1321 38 8911 20 372 487 516 482 2150 96 1611 97 23 11 636 123 110 8364 137 663 2 159 22 451 178 5982 21 86 3135 119 88 1256 1789 1027 9701 665 284 145 210 777 74 634 44 1001 388 140 9749 27 63 164 708 8 37 121 9 968 1369 6092 1132 9517 69 7 197 224 2076 432 155 484 7408 236 815 1643 1656 2385 19 126 2976 285 1263 309 612 253 2659 1917 28 5150 609 9572 3514 1954 2717 1384 138 995 3248 5011 243 1365 8853 4510 102 443 2291 4820 2116 3600 5860 9896 9824 1495
43 5689 9017 724 76 397 25 1 4630 3164 40 67 261 505 168 465 3418 1204 2895 4526 55 1669 840 195 504 589 6234 2424 593 641 3397 44 5661 103 164
44 1871 70 162 5210 1349 149 1236 2575 712 4801 2853 3131 1651 8480 8739 255 8390 8423 110 3065 789 2941 63 187 132 330 2234 1379 9459 687 6684 6169 1933 2114 3246 1376 30 2841 513 697 280 2762 537 92 147 2079 3913 5014 742 750 716 1753 702 2627 747 1904 3849 3182 1954 6402 389 4226 5851 485 371 1070 410 301 355 309 120 7959 4869 708 4023 9886
45 1443 3 2195 251 399 296 52 760 388 4929 1313 234 2135 3828 91 170 111 194 1931 83 246 1056 46 100 960 4271 1310 7055 1502
46 1932 7258 374 5644 3611 4952 5242 36 644 1688 1496 12 40 8585 6405 417 1738 902 1925 998 1166 8088 473 104 1142 227 692 792 425 654 1324 102 7672 131 4568 1352 720 14 252 148 5482 2003 1766 126 1597 468 2818 138 1502
47 546 446 849 217 767 547 3151 562 188 278 190 550 165 415 433 790 73 209 44 53 43 3893 1515 6074 2264
48 7 9 164 8 4247 211 3692 1510 398 19 138 65 1384 252 148 103 35 5728 236 348 388 14 120 4157 878 751 110 147 5 15 198 494 1554 63 1350 69 184 27 583 914 300 4497 3158 37 21 274 1593 96 2920 199 3561 3684 1575 356 404 4799 1312 389 7569 249 3825 330 545 325 841 176 2325 2825 74 2905 8334 5843 703 30 2955 1601 28 1809 1344 1813 289 2986 4596 860 216 4539 79 4493 264 4885 2873 118 245 2300
49 19 5221 140 301 164 7 1959 37 8 9 899 907 184 1452 28 88 5158 57 5895 1604 300 63 107 120 69 15 27 138 2371 1065 229 4164 131 7537 310 14 6059 4551 331 1352 121 686 253 3923 914 476 8450 7709 72 638 61 1917 1122 9957 9713 158 44 148 123 552 23 4613 6644 3332 836 96 969 58 114 7718 3839 1440 566 316 35 7970 1799 646 3190 833 6795 641 218 7913 3229 634 445 198 151 142 670 2873 1746 1482
50 51 42 154 4 73 171 8311 24 60 53 95 5597 9205 4659 4242 13 22 118 827 1312 4623 6354 1231 2227 340 55 680 6 2477 817 5275 414 78 339 421 327 395 1091
51 2148 7 5031 426 15 1692 28 5501 3708 2500 27 3586 1417 6877 3923 14 2818 5659 2826 371 4606 1989 8 198 9 1224 2420 1343 21 665 910 1826 19 196 7694 117 146 1745 74 121 5603 61 5 1602 197 1491 4532 23 102 63 966 3826 2425 268 749 3824 611 9365 4433 288 72 155 2613 3046 1225 329 78 9234 4946 1387 725 510 977 58 187 30 1159
52 476 4834 6376 1012 1465 383 2512 106 197 2585 38 271 4025 1001 4611 5034 79 255 2886 593 6514 6180 1469 279 225 5175 198 1361 3999 123 4849 162 1088 2275 2442 300 1096 41 517 2152 18 2175 384 2702 252 1862 1950 5313 1401 1476 135 5936 7869 1153 2577 901 2293 1132 61
53 325 9 117 1296 74 2859 8 5205 1408 1721 6655 114 679 3395 72 14 21 15 126 356 30 1183 7862 8309 7986 187 1958 1894 1510 309 121 6035 301 158 11 139 1384 27 138 7712 176 65 1704 1428 19 82 7 5 6126 1434 803 2261 899 62 37 3032 2218 5150 61 332 1967 1571 4977 299 63 84 103 1876 236 243 800 653 6092 371 3358 161 1495 3038 2433 342 1420 6031 56 2268 118 288 41 611 933 762 45 112 73 166 256 20 35 110 404 3102 1077 69 252 468 900 1171 968 184 873 909 869
54 7306 35 83 30 4088 6 2251 16 5195 2477 335 2099 966 115 1099 504 5033 55 189 793 36 455 446 56 2330 5020 448 1489 219 3564 38 628 274 830 977 96 3953 178 358 9763 510 441 175 1791 817
55 167 0 12 243 931 1096 9793 31 7062 122 32 2968 520 144 6424 8103 387 80 168 30 198 2337 1688 187 2 119 1209 5863 829 22 45 16 255 1023 245 4089 107 583 199 494 2282 1591 927 6051 152 120 566 1270 6887 485 1263 3774 1502 900 126 1737 3244
56 12 481 1579 0 1277 154 484 250 2058 32 5430 7676 706 898 1811 66 191 1476 27 19 9 1502 731 37 2282 5276 8 7 28 14 62 7499 69 145 8702 58 624 2264 135 121 1697 148 485 1840 2371 8402 595 236 632 184 1591 3756 2431 3057 1184 1194 2943 72 1038 1026 2166 36 5914 112 54 74 342 880 432
57 1 6270 222 6205 76 488 2436 1113 3227 31 1635 68 2437 66 1582 4238 5442 88 91 1431 12 3831 8 121 197 797 28 145 316 3807 126 3975 7559 65 6616 410 2780 940 9 224 27 63 69 3613 372 7 268 135 2683 176 404 6979 148 4618 1572 253 947 1190
58 7460 3516 429 1023 35 4133 274 881 161 2249 6756 7279 178 510 78 4417 20 325 396 146 370 550 5312 8355 4672 1768 3514 434 8430 1534 4478 3773 3768 57 73 1521 300 2 1665 1149 1612 745 513 114 545 2593 8076 55 1627 990 171 1344 22 4667 70 196 503 280 6188 850 2659 1122 720 1597 4390 5838 69 468 1284 859 72 6379 609 684 3131 1334 3110 662 1065 184 5860 2713 4977 2291
59 426 914 2187 979 536 542 103 2 1745 243 123 1277 769 125 857 80 204 1480 55 1966 1119 16 231 1429 23 6246 2692 762 6335 933 746 189 2231 253 1385 1134 117 871 8138 1972 702 726 6134 881 8146 70 22 5643 2956 1011 2980 1805 646
60 259 1061 4472 26 29 3303 297 4615 0 1074 478 1927 425 503 2516 51 3 7304 6012 53 1378 54 419 1292 2052 938 90 2432 3224 219 135
61 15 374 4 196 221 6677 53 378 18 1932 448 136 5431 51 227 106 1706 351 3017 17 2609 4850 60 29 286 88 32 2255 2253 280 8660 2976 395 9551 524 4478
62 54 3704 2475 3345 5296 2 1401 20 146 17 972 22 231 3044 28 3561 16 210 216 83 672 2143 11 178 1161 95 5931 2423 23 3400 3858 6 245 8 69 325 2521 14 919 9 176 7 3428 3052 5887 199 102 309 155 1122 27 907 120 5876 583 679 2858 6379 107 236 62 8734 138 356 2616 495 662 382 3270 7966 7454 4413 1173 164 197 404 1106 389 148 650 65 1183 2076 1310 625 135 1070 37 1826 2196 139 9502 7624 1610 5295 72 126 303 6668
63 216 129 581 173 8131 799 553 302 169 46 100 648 108 551 248 99 360 4809 82 89 470 1178 138 968
64 4448 8735 1436 347 1397 1889 2904 425 2611 502 1598 29 633 255 248 1852 134 898 314 219 118 1993 2473 810 302 1737
65 587 17 387 4791 3056 7287 18 2143 614 144 1073 993 8518 106 24 36 2706 72 552 3654 319 779 1956 132 60 1017 3995 58 7313 79 4 70 589 1863 3175 1257 13 3582 389 841 135 395 300 708
66 261 3 1407 6480 25 414 0 3648 3096 46 12 358 6558 32 52 244 875 1801 60 1828 50 3323 271 451 3631 146 2593 112 11 1135 1628 1530 147 751 2274 199 27 120 4881 1951
67 65 742 8 6147 482 82 7 57 2431 157 38 15 1387 19 9 14 139 28 120 3767 511 147 155 3348 126 3420 62 5 2348 69 7687 27 1679 21 637 37 1521 519 671 131 432 2478 224 102 404 3975 2132 4178 299 375 7275 229 114 158 2791 3769 890 1881 3293 3033 78 152 135 7915 487 2608 650 3389 552 468 119 2960 574 4554 193 1734 2976 1735 1287 5751 3302 2627 5313 1506 408 300 63 285 7537 199 61 1225 3467 121 1434 343 8819 7033 4885 513 709 1495 8215 2148 1365 524 899 240 331 6837 3517 2700 1137 72 206 249 815 3266 8080 4510 5350 252 873 8139 585 583 1290
68 12 4838 51 9424 2507 415 0 136 8512 26 183 24 477 238 962 475 515 48 631 664 16 461 1068 324 1333 595 7584 5661 9 139 309 2216 6459 236 1387 3158 2513 27 7850 1320 6698 8 1122 131 69 193 482 4226 176 1714 650 37 253 316 1881 554 468 121 243 4266 120 138 671 2487 442 107 7 5990 329 1799 3149 443 23
69 4342 5 240 2919 30 2 119 4834 1005 756 62 84 1988 4388 1593 54 977 387 2177 3369 782 6165 211 224 1732 762 3561 873 542 1446 388 1061 8271 745 6767 82 1522 679 55 3853 9665 426 80 2616 971 3204 1628 1961 166 3242 155 1119 751 501 7816 335 145 2448 6543 3520 1883 371 21 2238 6290 245 824 489 2100 309 659 884 2085 1408 7042 139 572 74 1294 2359 3266 778 6169 117 4436 4301 187 7827 4035
70 34 26 2059 779 10 296 1699 282 70 2014 75 205 349 627 1034 3784 2795 3508 116 2373 2545 9566 688 40
71 903 2 18 881 2191 4361 4336 13 172 459 92 7924 41 2840 2992 23 17 1054 1073 1041 22 125 70 235 1772 54 590 2696 1841 97 210 112 2334 206 1456 243 1721 37 8 2291 268 2212 7 2700 27 329 1506 28 252 1766 404 9957 9 1384 197 229 158 968 236 4656 1495 3424 120 727 655 290 139 709 69 138 728 330 131 309 442 5295 443 2591 164 63 2513 3684 859 2304 121 4148 919 184 7086 148 549 1671 6018 355 1583 4953
72 6 2 55 23 110 785 112 8629 5038 171 69 70 377 231 252 132 2052 17 1128 2262 22 54 1215 57 890 210 20 9359 2094 778 1019 1758 946 327 1988 1483 9613 1478 6029 135 879 609 5882 516 1227 2114 216 6467 9294 2739 1546 978 1300 146 7433 510 9542 2592 6082 3457
73 11 899 6735 1232 990 5124 155 6045 2063 57 58 3708 82 4726 20 971 3826 4805 228 523 115 70 2201 149 782 95 140 9794 172 1274 2249 4320 574 119 6410 4923 2240 596 72 92 158 5443 6352 7112 2869 17 126 919 665 1339 1277 2480 382 38 3166 1055 443 619 2171 22 9 139 6668 8 1756 27 751 65 120 3774 252 1495 107 485 69 3706 2700 303 8528 867 2741 2244 1434 6005 175 1307 1457
74 63 9 199 948 8365 14 120 61 968 621 8 1428 5526 914 8938 7774 65 252 715 372 288 7 4514 196 268 155 15 1332 1583 27 131 468 107 6097 517 612 5 126 117 992 224 78 2967 707 114 148 825 1917 2385 3759 253 1979 102 2735 62 1610 28 316 2274 8241 44 21 19 121 187 2112 659 2048 410 145 82 4597 3502 1754 841 625 58 4801 9543 184 4429 37 1401 1447 5442 2316 451 3455 1089 3884 940 72 1876 4247 5616 6379 4373 2573 5011 69 1723 747 176 4609 139 583 2169 1756 74 4413 6848 797 2526 737 9271 280 1807 1321 1128 4021 5985 331 5554 4837 1131 1161 1513 878 123 3199 152 2612
75 47 133 10 400 34 1648 59 130 514 2927 740 1853 8428 111 162 5564 1209 6058 116 1268 497 180 8055 390 11 106 1671
76 126 389 27 511 563 867 6392 28 14 6288 8095 30 62 112 8635 146 236 9 3279 166 19 7 121 44 11 1388 5 114 3060 103 659 869 2168 6402 21 9317 455 3069 199 495 3182 552 61 332 2504 3992 157 145 517 8 1344 107 63 484 325 681 155 2708 549 35 900 542 2844 4878 245 3408 2060 285 148 4364 4221 184 88 372 164 15 152 2700 371 8988 2684 1307 1771 5615 728 9351 1194 968 1315 3398 4530 7559 78 2941 1604 3071 646 5124 74 404 880 4741 1780 69 999 8380 331 3470 267 2614 204 6174 957 1272 2717 3596 139 9421 382 196 4089 4589 138
77 1888 249 725 82 4347 1593 65 6163 155 5286 501 6961 7342 331 8733 2 184 207 135 112 715 647 5872 5848 651 1395 404 5582 3603 4959 2258 2265 3293 343 2533 22 8241 8332 720 1549 426 117 3160 896 1251 1352 273 7792 3884 604 330 1258 3591 612 199 5350 204 4098 8466 9710 653 1638 899 1300 372 289 84 1577 1734 6745 2378
78 183 343 422 2 426 23 1686 17 5902 11 2285 119 20 45 16 6131 117 2509 3676 885 275 70 56 233 6 55 1988 1128 393 2768 2205 82 5 112 325 3006 5566 390 21 3796 443 878 1600 2858 35 5472 9915 825 2451 4452 1629 3014 388 103 44 1420 210 2342 1801
79 6450 87 13 694 60 847 4 2886 2503 410 1823 669 17 103 159 227 443 139 257 142 2533 73 4971 135 275 2182 8244 1008 156 98 88 351 218 5241 140 92 6565 7367 1313 270 207 634
80 2 6 132 422 3661 125 3135 4241 112 118 54 5580 137 41 4942 52 84 97 2634 1877 496 56 13 83 1626 1262 45 23 16 236 7 451 197 1065 1152 252 1174 316 145 542 7373 28 148 426 37 1584 1153 65 102 9 164 2168 330 69 14 2136 62 131 74 7908 9335 135 1321 1195 290 229 948 8 2060 968 224 6126 176 686 1256 184 5209 6337 8454 404 1572 3923 2198 309 6057 609 3204 659 734 7155 709
81 105 8729 67 488 842 209 1861 1 130 791 493 173 85 77 1544 110 80 420 3655 1663 590 24 45 132 1275 1673 92 9208 9584
82 201 234 3309 42 1087 687 70 1188 1608 98 431 610 40 2356 134 989 247 144 342 29 167 9118 2937 163 4325 3 3895 1963 435 662 914 2538 3215 7291 1294 3097 1671
83 55 45 3692 30 342 20 97 117 2 1843 6 118 183 454 135 235 103 11 2052 8901 3689 5390 2654 9464 119 110 503 22 941 1628 212 1623 6913 335 228 86 9017 54 84 2836 429 162 240 2961 24 5797 298 3244
84 444 41 159 1665 4310 735 817 391 8643 61 3069 1372 233 363 235 23 1275 117 1414 321 70 4096 672 305 20 273 1080 866 18 178 216 647 125 137 106 11 5490 3140 1942 83 365 611 1911 3281 971 19 9947 747 1862 138
85 44 20 55 23 3319 56 1137 35 2397 95 249 238 574 2730 6 626 2 11 2652 615 762 782 403 22 216 3569 183 83 409 73 1393 84 38 115 1344 231 516 4606 970 417 1398 166 5463 69 1155 355 679 371 476 329 850 524 9086 2533 3890 114 4609 909 703 7408 1692 74 4985 3071 389 2950 199 583 681 4281 224 1667 139 720
86 206 3526 7 4962 1734 121 62 27 596 625 8 15 57 30 14 21 72 5 636 841 268 1896 58 782 4537 23 199 5773 267 484 3137 9 348 726 372 28 545 164 277 500 157 424 4618 44 102 9657 6087 19 8790 96 152 5350 7584 145 161 2377 37 485 2019 9514 112 1757 538 131 1601 240 8978 968 205 3 100 7447 76 160 809 2301 3878 13
87 4394 77 4032 8444 5165 101 3349 182 323 1337 205 2431 9574 165 8516 66 419 144 9607 1288 175 6064 7733 105
88 869 7 37 9 7481 69 355 4500 166 155 2372 14 538 19 595 57 15 777 659 5668 38 1395 928 375 3879 907 5 27 8 131 21 121 1627 78 211 117 1958 193 290 1027 1223 329 356 829 1583 879 497 147 5778 803 1591 1571 7117 9593 277 126 72 74 957 7727 510 2316 164 7777 135 5546 1263 273 715 63 161 4841 1468 9957 58 549 120 611 388 145 7734 152 480 300 316 1017 914 6831 637 513 501 7315 139 9542 3158 9710 979 253 2552 62 2296 1152 3110 138 737 1850 303 3194 1656 1332 2073 187 5959 107 1350 561 199 1388 8465 371 280 6577 725 4704 797 197 267 309 4090 1420 655 1384 9054 3457 4171 2899 410
89 436 3983 943 1172 35 238 11 1861 4281 594 187 233 1121 5175 61 2 733 16 1020 4048 2941 1847 245 4122 210 119 146 110 1340 997 3024 1431 476 74 6 125 79 178 532 126 2480 3908 8969 2104 1187 167 535 2948 327 902 4646 1954
90 4410 198 6 2239 738 344 5552 385 1883 1494 675 45 272 80 52 3662 83 119 1607 24 653 594 3983 122 444 975 1151 4358 2576 1150 4435 8973 65 42 90 669 2444 18 417 908 1281 1489 554
91 4581 11 970 5 1599 1452 61 2654 2492 1155 901 3003 57 1522 331 663 228 103 15 1221 8019 74 612 7600 6005 647 426 534 84 7315 19 983 1629 387 140 2020 4289 8334 825 8992 5850 55 2972 439 2238 1090 739 1227 1151 102 114 8438 4131 2168 30 4370 267 3244 585 8 1016 139 164 28 27 948 9 7 9127 120 184 176 2871 1437 2741 2282 2685 2371 145 5659 135 253 389 199 14 193 72 126 1119 1287 4171 869 1691 138
92 8 30 735 176 356 27 7 9 585 253 19 1714 679 58 21 147 199 9138 299 5329 74 7373 15 659 161 549 1862 1958 7977 14 20 815 57 28 69 145 6166 120 583 2360 1434 316 255 252 2067 3299 4221 408 1334 7776 971 5 355 38 346 290 8801 907 1106 3097 73 715 2572 1549 121 3676 442 62 8948 2385 1065 65 268 72 9906 37 22 92 18 279 45 159 538 377 207 115 2556 1073 56 114 345 5951 6769 9305
93 7810 67 411 3324 118 39 101 47 4319 42 598 160 7474 40 71 34 5604 115 4477 4001 10 600 8250 3535
94 1788 980 70 318 29 524 544 4 52 258 78 2601 421 860 5603 273 1360 645 4850 1140 51 151 4299 2048 180 232 7040 4657 1142 252 1604 102 155 27 69 927 9301 65 8 9 8734 63 8761 4848 940 243 4820 2707 356 126 8374 7 1506 355 1270 948 5725 3053 1679 915 199 290 148 2120 1812 737 957 404 725 316 1790
95 200 136 39 2445 192 85 2098 23 1204 168 2232 71 7122 1377 3406 195 963 46 3624 170 323 5774 652 818 8 27 8992 329 155 554 148 69 138 316 120 7234 5269 395
96 204 496 1442 21 1568 212 44 74 114 451 62 5 3082 561 249 147 110 72 4632 624 15 82 184 161 84 1697 715 155 391 61 2348 20 4044 14 480 1272 2240 11 1607 301 6668 331 164 523 2000 5447 1401 196 439 484 231 566 3141 310 4421 1186 961 2112 2818 1482 6744 5616 211 120 138 907 737 285 2523 7895 4277 9946 1714 63 229 1643 7307 2190 193 1805 2164 1597 1395 859 850 1702 126 243 1417 9832 2162 6001 8955 4130 365 2088 1122
97 12 0 308 3753 1135 361 6847 733 86 7195 168 259 182 106 51 359 47 2653 8 6379 120 69 9691 4266 2492 1881 9 1434 28 158 624 3397 27 72 126 6102 197 19 7 65 1095 138 14 815 285 329 4301 1868 5381 4142 62 102 5276 249 3441 426 61 131 78 1200 63 148 707 6062 9630 4962 166 121 482 164 299 2889 1412 176 37 184 1954 7753 552 107 909 2296 679 1385 4978 410 8761 1395 604 4403 4525 348 621
98 19 139 8 9 72 117 6628 62 5 4040 7 175 236 5350 1207 797 14 5130 145 121 3065 63 8349 15 224 2148 7347 3097 7173 35 1736 2246 65 377 7753 4157 27 82 6201 2478 410 1161 707 23 915 1450 198 5394 2039 229 114 5084 303 249 69 927 157 329 3517 28 120 9155 2008 58 56 285 1006 1275 44 111 0 29 1762 8185 996 8324 80 155 6656 3142 166 74 3471 1937 484 126 2047 199 7253 999 494 3493 355 252 725 7677 1734 1606 432 2717 3457 426 4018 6698
99 3 0 29 160 50 2894 218 4725 8401 258 3646 2195 313 670 3404 9 57 19 199 303 7 14 747 27 65 3110 62 1756 7234 28 139 138 8 609 599 107 69 117 249 155 63 9447 1541 1334 686 549 37 8270 4258 316 193 2478 637 166 3057 4818 1989 3008 3543 252 881 1093 2504 6385 1065 2919 58 102 6141 184 482 7454 253 867 211 776 596 280 15 1914 4397 74 1793 4487 1320 1734 1052 1911 8707 7218 583 224 1352 403 708
